#
# There is insufficient memory for the Java Runtime Environment to continue.
# Native memory allocation (malloc) failed to allocate 1050256 bytes for Chunk::new
# Possible reasons:
#   The system is out of physical RAM or swap space
#   The process is running with CompressedOops enabled, and the Java Heap may be blocking the growth of the native heap
# Possible solutions:
#   Reduce memory load on the system
#   Increase physical memory or swap space
#   Check if swap backing store is full
#   Decrease Java heap size (-Xmx/-Xms)
#   Decrease number of Java threads
#   Decrease Java thread stack sizes (-Xss)
#   Set larger code cache with -XX:ReservedCodeCacheSize=
#   JVM is running with Unscaled Compressed Oops mode in which the Java heap is
#     placed in the first 4GB address space. The Java Heap base address is the
#     maximum limit for the native heap growth. Please use -XX:HeapBaseMinAddress
#     to set the Java Heap base and to place the Java Heap above 4GB virtual address.
# This output file may be truncated or incomplete.
#
#  Out of Memory Error (arena.cpp:189), pid=10932, tid=10596
#
# JRE version: Java(TM) SE Runtime Environment (17.0+35) (build 17+35-LTS-2724)
# Java VM: Java HotSpot(TM) 64-Bit Server VM (17+35-LTS-2724, mixed mode, sharing, tiered, compressed oops, compressed class ptrs, g1 gc, windows-amd64)
# No core dump will be written. Minidumps are not enabled by default on client versions of Windows
#

---------------  S U M M A R Y ------------

Command Line: org.jetbrains.kotlin.cli.jvm.K2JVMCompiler @F:\bigpro2\android\app\build\20220620_3088477714836851661.compiler.options

Host: Intel(R) Core(TM) i3-7020U CPU @ 2.30GHz, 4 cores, 3G,  Windows 10 , 64 bit Build 19041 (10.0.19041.1503)
Time: Mon Jun 20 08:35:35 2022 SE Asia Standard Time elapsed time: 17.231530 seconds (0d 0h 0m 17s)

---------------  T H R E A D  ---------------

Current thread (0x00000282e36b7b00):  JavaThread "C2 CompilerThread0" daemon [_thread_in_native, id=10596, stack(0x000000b85e000000,0x000000b85e100000)]


Current CompileTask:
C2:  17231 4262   !   4       jdk.internal.loader.BuiltinClassLoader::findClassOnClassPathOrNull (64 bytes)

Stack: [0x000000b85e000000,0x000000b85e100000]
Native frames: (J=compiled Java code, j=interpreted, Vv=VM code, C=native code)
V  [jvm.dll+0x66f8ea]
V  [jvm.dll+0x7ce224]
V  [jvm.dll+0x7cf9ce]
V  [jvm.dll+0x7d0033]
V  [jvm.dll+0x242bb5]
V  [jvm.dll+0xaa05b]
V  [jvm.dll+0xaa5ec]
V  [jvm.dll+0x2a954f]
V  [jvm.dll+0x5784b9]
V  [jvm.dll+0x21de2d]
V  [jvm.dll+0x21e20f]
V  [jvm.dll+0x217ada]
V  [jvm.dll+0x214fb5]
V  [jvm.dll+0x1a168d]
V  [jvm.dll+0x2248f8]
V  [jvm.dll+0x222a5c]
V  [jvm.dll+0x78422b]
V  [jvm.dll+0x77e7ea]
V  [jvm.dll+0x66e715]
C  [ucrtbase.dll+0x21bb2]
C  [KERNEL32.DLL+0x17034]
C  [ntdll.dll+0x52651]


---------------  P R O C E S S  ---------------

Threads class SMR info:
_java_thread_list=0x00000282e412ac60, length=12, elements={
0x00000282c660de60, 0x00000282e369b7c0, 0x00000282e369c540, 0x00000282e36b2400,
0x00000282e36b5ce0, 0x00000282e36b65a0, 0x00000282e36b6e60, 0x00000282e36b7b00,
0x00000282e36b94c0, 0x00000282e3724cc0, 0x00000282e41512c0, 0x00000282e4173be0
}

Java Threads: ( => current thread )
  0x00000282c660de60 JavaThread "main" [_thread_in_Java, id=13812, stack(0x000000b85d300000,0x000000b85d400000)]
  0x00000282e369b7c0 JavaThread "Reference Handler" daemon [_thread_blocked, id=12748, stack(0x000000b85da00000,0x000000b85db00000)]
  0x00000282e369c540 JavaThread "Finalizer" daemon [_thread_blocked, id=11500, stack(0x000000b85db00000,0x000000b85dc00000)]
  0x00000282e36b2400 JavaThread "Signal Dispatcher" daemon [_thread_blocked, id=2408, stack(0x000000b85dc00000,0x000000b85dd00000)]
  0x00000282e36b5ce0 JavaThread "Attach Listener" daemon [_thread_blocked, id=11692, stack(0x000000b85dd00000,0x000000b85de00000)]
  0x00000282e36b65a0 JavaThread "Service Thread" daemon [_thread_blocked, id=13992, stack(0x000000b85de00000,0x000000b85df00000)]
  0x00000282e36b6e60 JavaThread "Monitor Deflation Thread" daemon [_thread_blocked, id=11316, stack(0x000000b85df00000,0x000000b85e000000)]
=>0x00000282e36b7b00 JavaThread "C2 CompilerThread0" daemon [_thread_in_native, id=10596, stack(0x000000b85e000000,0x000000b85e100000)]
  0x00000282e36b94c0 JavaThread "C1 CompilerThread0" daemon [_thread_in_vm, id=9276, stack(0x000000b85e100000,0x000000b85e200000)]
  0x00000282e3724cc0 JavaThread "Sweeper thread" daemon [_thread_blocked, id=2920, stack(0x000000b85e200000,0x000000b85e300000)]
  0x00000282e41512c0 JavaThread "Notification Thread" daemon [_thread_blocked, id=3296, stack(0x000000b85e300000,0x000000b85e400000)]
  0x00000282e4173be0 JavaThread "Common-Cleaner" daemon [_thread_blocked, id=9808, stack(0x000000b85e500000,0x000000b85e600000)]

Other Threads:
  0x00000282e3695c50 VMThread "VM Thread" [stack: 0x000000b85d900000,0x000000b85da00000] [id=5300]
  0x00000282e41737b0 WatcherThread [stack: 0x000000b85e400000,0x000000b85e500000] [id=5188]
  0x00000282c663c970 GCTaskThread "GC Thread#0" [stack: 0x000000b85d400000,0x000000b85d500000] [id=8616]
  0x00000282e41d6ca0 GCTaskThread "GC Thread#1" [stack: 0x000000b85e600000,0x000000b85e700000] [id=3676]
  0x00000282e457e360 GCTaskThread "GC Thread#2" [stack: 0x000000b85e700000,0x000000b85e800000] [id=2780]
  0x00000282e457e610 GCTaskThread "GC Thread#3" [stack: 0x000000b85e800000,0x000000b85e900000] [id=2948]
  0x00000282c6645440 ConcurrentGCThread "G1 Main Marker" [stack: 0x000000b85d500000,0x000000b85d600000] [id=2068]
  0x00000282c6645d60 ConcurrentGCThread "G1 Conc#0" [stack: 0x000000b85d600000,0x000000b85d700000] [id=10156]
  0x00000282c6692a80 ConcurrentGCThread "G1 Refine#0" [stack: 0x000000b85d700000,0x000000b85d800000] [id=3280]
  0x00000282c66933b0 ConcurrentGCThread "G1 Service" [stack: 0x000000b85d800000,0x000000b85d900000] [id=11724]

Threads with active compile tasks:
C2 CompilerThread0    18852 4262   !   4       jdk.internal.loader.BuiltinClassLoader::findClassOnClassPathOrNull (64 bytes)
C1 CompilerThread0    18852 4404       2       org.jetbrains.kotlin.com.intellij.psi.impl.source.tree.LazyParseableElement::rawAddChildrenWithoutNotifications (51 bytes)

VM state: not at safepoint (normal execution)

VM Mutex/Monitor currently owned by a thread: None

Heap address: 0x00000000c1c00000, size: 996 MB, Compressed Oops mode: 32-bit

CDS archive(s) mapped at: [0x0000000800000000-0x0000000800bc0000-0x0000000800bc0000), size 12320768, SharedBaseAddress: 0x0000000800000000, ArchiveRelocationMode: 0.
Compressed class space mapped at: 0x0000000800c00000-0x0000000840c00000, reserved size: 1073741824
Narrow klass base: 0x0000000800000000, Narrow klass shift: 0, Narrow klass range: 0x100000000

GC Precious Log:
 CPUs: 4 total, 4 available
 Memory: 3977M
 Large Page Support: Disabled
 NUMA Support: Disabled
 Compressed Oops: Enabled (32-bit)
 Heap Region Size: 1M
 Heap Min Capacity: 8M
 Heap Initial Capacity: 64M
 Heap Max Capacity: 996M
 Pre-touch: Disabled
 Parallel Workers: 4
 Concurrent Workers: 1
 Concurrent Refinement Workers: 4
 Periodic GC: Disabled

Heap:
 garbage-first heap   total 131072K, used 48057K [0x00000000c1c00000, 0x0000000100000000)
  region size 1024K, 16 young (16384K), 6 survivors (6144K)
 Metaspace       used 44458K, committed 44736K, reserved 1089536K
  class space    used 5515K, committed 5632K, reserved 1048576K

Heap Regions: E=young(eden), S=young(survivor), O=old, HS=humongous(starts), HC=humongous(continues), CS=collection set, F=free, OA=open archive, CA=closed archive, TAMS=top-at-mark-start (previous, next)
|   0|0x00000000c1c00000, 0x00000000c1d00000, 0x00000000c1d00000|100%|HS|  |TAMS 0x00000000c1d00000, 0x00000000c1d00000| Complete 
|   1|0x00000000c1d00000, 0x00000000c1e00000, 0x00000000c1e00000|100%|HC|  |TAMS 0x00000000c1e00000, 0x00000000c1e00000| Complete 
|   2|0x00000000c1e00000, 0x00000000c1f00000, 0x00000000c1f00000|100%|HC|  |TAMS 0x00000000c1f00000, 0x00000000c1f00000| Complete 
|   3|0x00000000c1f00000, 0x00000000c2000000, 0x00000000c2000000|100%| O|  |TAMS 0x00000000c2000000, 0x00000000c2000000| Untracked 
|   4|0x00000000c2000000, 0x00000000c2100000, 0x00000000c2100000|100%| O|  |TAMS 0x00000000c2100000, 0x00000000c2100000| Untracked 
|   5|0x00000000c2100000, 0x00000000c2200000, 0x00000000c2200000|100%| O|  |TAMS 0x00000000c2200000, 0x00000000c2200000| Untracked 
|   6|0x00000000c2200000, 0x00000000c2300000, 0x00000000c2300000|100%|HS|  |TAMS 0x00000000c2300000, 0x00000000c2300000| Complete 
|   7|0x00000000c2300000, 0x00000000c2400000, 0x00000000c2400000|100%|HC|  |TAMS 0x00000000c2400000, 0x00000000c2400000| Complete 
|   8|0x00000000c2400000, 0x00000000c2500000, 0x00000000c2500000|100%|HC|  |TAMS 0x00000000c2500000, 0x00000000c2500000| Complete 
|   9|0x00000000c2500000, 0x00000000c2600000, 0x00000000c2600000|100%|HS|  |TAMS 0x00000000c2600000, 0x00000000c2600000| Complete 
|  10|0x00000000c2600000, 0x00000000c2700000, 0x00000000c2700000|100%|HC|  |TAMS 0x00000000c2700000, 0x00000000c2700000| Complete 
|  11|0x00000000c2700000, 0x00000000c2800000, 0x00000000c2800000|100%|HC|  |TAMS 0x00000000c2800000, 0x00000000c2800000| Complete 
|  12|0x00000000c2800000, 0x00000000c2900000, 0x00000000c2900000|100%| O|  |TAMS 0x00000000c2900000, 0x00000000c2900000| Untracked 
|  13|0x00000000c2900000, 0x00000000c2a00000, 0x00000000c2a00000|100%| O|  |TAMS 0x00000000c2a00000, 0x00000000c2a00000| Untracked 
|  14|0x00000000c2a00000, 0x00000000c2b00000, 0x00000000c2b00000|100%| O|  |TAMS 0x00000000c2b00000, 0x00000000c2b00000| Untracked 
|  15|0x00000000c2b00000, 0x00000000c2c00000, 0x00000000c2c00000|100%| O|  |TAMS 0x00000000c2c00000, 0x00000000c2c00000| Untracked 
|  16|0x00000000c2c00000, 0x00000000c2d00000, 0x00000000c2d00000|100%| O|  |TAMS 0x00000000c2d00000, 0x00000000c2d00000| Untracked 
|  17|0x00000000c2d00000, 0x00000000c2e00000, 0x00000000c2e00000|100%| O|  |TAMS 0x00000000c2e00000, 0x00000000c2e00000| Untracked 
|  18|0x00000000c2e00000, 0x00000000c2f00000, 0x00000000c2f00000|100%| O|  |TAMS 0x00000000c2f00000, 0x00000000c2f00000| Untracked 
|  19|0x00000000c2f00000, 0x00000000c3000000, 0x00000000c3000000|100%| O|  |TAMS 0x00000000c3000000, 0x00000000c3000000| Untracked 
|  20|0x00000000c3000000, 0x00000000c3100000, 0x00000000c3100000|100%| O|  |TAMS 0x00000000c3100000, 0x00000000c3100000| Untracked 
|  21|0x00000000c3100000, 0x00000000c3200000, 0x00000000c3200000|100%|HS|  |TAMS 0x00000000c3200000, 0x00000000c3200000| Complete 
|  22|0x00000000c3200000, 0x00000000c3300000, 0x00000000c3300000|100%|HC|  |TAMS 0x00000000c3300000, 0x00000000c3300000| Complete 
|  23|0x00000000c3300000, 0x00000000c3400000, 0x00000000c3400000|100%| O|  |TAMS 0x00000000c3400000, 0x00000000c3400000| Untracked 
|  24|0x00000000c3400000, 0x00000000c3500000, 0x00000000c3500000|100%| O|  |TAMS 0x00000000c3400000, 0x00000000c3459e00| Untracked 
|  25|0x00000000c3500000, 0x00000000c3600000, 0x00000000c3600000|100%| O|  |TAMS 0x00000000c3500000, 0x00000000c3500000| Untracked 
|  26|0x00000000c3600000, 0x00000000c3700000, 0x00000000c3700000|100%| O|  |TAMS 0x00000000c3600000, 0x00000000c3600000| Untracked 
|  27|0x00000000c3700000, 0x00000000c3800000, 0x00000000c3800000|100%| O|  |TAMS 0x00000000c3800000, 0x00000000c3800000| Untracked 
|  28|0x00000000c3800000, 0x00000000c3900000, 0x00000000c3900000|100%| O|  |TAMS 0x00000000c3900000, 0x00000000c3900000| Untracked 
|  29|0x00000000c3900000, 0x00000000c3a00000, 0x00000000c3a00000|100%| O|  |TAMS 0x00000000c39e2000, 0x00000000c3a00000| Untracked 
|  30|0x00000000c3a00000, 0x00000000c3b00000, 0x00000000c3b00000|100%| O|  |TAMS 0x00000000c3a00000, 0x00000000c3b00000| Untracked 
|  31|0x00000000c3b00000, 0x00000000c3c00000, 0x00000000c3c00000|100%| O|  |TAMS 0x00000000c3b00000, 0x00000000c3c00000| Untracked 
|  32|0x00000000c3c00000, 0x00000000c3c5f400, 0x00000000c3d00000| 37%| O|  |TAMS 0x00000000c3c00000, 0x00000000c3c00000| Untracked 
|  33|0x00000000c3d00000, 0x00000000c3d00000, 0x00000000c3e00000|  0%| F|  |TAMS 0x00000000c3d00000, 0x00000000c3d00000| Untracked 
|  34|0x00000000c3e00000, 0x00000000c3e00000, 0x00000000c3f00000|  0%| F|  |TAMS 0x00000000c3e00000, 0x00000000c3e00000| Untracked 
|  35|0x00000000c3f00000, 0x00000000c3f00000, 0x00000000c4000000|  0%| F|  |TAMS 0x00000000c3f00000, 0x00000000c3f00000| Untracked 
|  36|0x00000000c4000000, 0x00000000c4000000, 0x00000000c4100000|  0%| F|  |TAMS 0x00000000c4000000, 0x00000000c4000000| Untracked 
|  37|0x00000000c4100000, 0x00000000c4100000, 0x00000000c4200000|  0%| F|  |TAMS 0x00000000c4100000, 0x00000000c4100000| Untracked 
|  38|0x00000000c4200000, 0x00000000c4200000, 0x00000000c4300000|  0%| F|  |TAMS 0x00000000c4200000, 0x00000000c4200000| Untracked 
|  39|0x00000000c4300000, 0x00000000c4300000, 0x00000000c4400000|  0%| F|  |TAMS 0x00000000c4300000, 0x00000000c4300000| Untracked 
|  40|0x00000000c4400000, 0x00000000c4400000, 0x00000000c4500000|  0%| F|  |TAMS 0x00000000c4400000, 0x00000000c4400000| Untracked 
|  41|0x00000000c4500000, 0x00000000c4500000, 0x00000000c4600000|  0%| F|  |TAMS 0x00000000c4500000, 0x00000000c4500000| Untracked 
|  42|0x00000000c4600000, 0x00000000c4600000, 0x00000000c4700000|  0%| F|  |TAMS 0x00000000c4600000, 0x00000000c4600000| Untracked 
|  43|0x00000000c4700000, 0x00000000c4700000, 0x00000000c4800000|  0%| F|  |TAMS 0x00000000c4700000, 0x00000000c4700000| Untracked 
|  44|0x00000000c4800000, 0x00000000c4800000, 0x00000000c4900000|  0%| F|  |TAMS 0x00000000c4800000, 0x00000000c4800000| Untracked 
|  45|0x00000000c4900000, 0x00000000c4900000, 0x00000000c4a00000|  0%| F|  |TAMS 0x00000000c4900000, 0x00000000c4900000| Untracked 
|  46|0x00000000c4a00000, 0x00000000c4a00000, 0x00000000c4b00000|  0%| F|  |TAMS 0x00000000c4a00000, 0x00000000c4a00000| Untracked 
|  47|0x00000000c4b00000, 0x00000000c4b00000, 0x00000000c4c00000|  0%| F|  |TAMS 0x00000000c4b00000, 0x00000000c4b00000| Untracked 
|  48|0x00000000c4c00000, 0x00000000c4c00000, 0x00000000c4d00000|  0%| F|  |TAMS 0x00000000c4c00000, 0x00000000c4c00000| Untracked 
|  49|0x00000000c4d00000, 0x00000000c4d00000, 0x00000000c4e00000|  0%| F|  |TAMS 0x00000000c4d00000, 0x00000000c4d00000| Untracked 
|  50|0x00000000c4e00000, 0x00000000c4e00000, 0x00000000c4f00000|  0%| F|  |TAMS 0x00000000c4e00000, 0x00000000c4e00000| Untracked 
|  51|0x00000000c4f00000, 0x00000000c4f00000, 0x00000000c5000000|  0%| F|  |TAMS 0x00000000c4f00000, 0x00000000c4f00000| Untracked 
|  52|0x00000000c5000000, 0x00000000c5000000, 0x00000000c5100000|  0%| F|  |TAMS 0x00000000c5000000, 0x00000000c5000000| Untracked 
|  53|0x00000000c5100000, 0x00000000c5100000, 0x00000000c5200000|  0%| F|  |TAMS 0x00000000c5100000, 0x00000000c5100000| Untracked 
|  54|0x00000000c5200000, 0x00000000c5200000, 0x00000000c5300000|  0%| F|  |TAMS 0x00000000c5200000, 0x00000000c5200000| Untracked 
|  55|0x00000000c5300000, 0x00000000c5300000, 0x00000000c5400000|  0%| F|  |TAMS 0x00000000c5300000, 0x00000000c5300000| Untracked 
|  56|0x00000000c5400000, 0x00000000c5400000, 0x00000000c5500000|  0%| F|  |TAMS 0x00000000c5400000, 0x00000000c5400000| Untracked 
|  57|0x00000000c5500000, 0x00000000c5500000, 0x00000000c5600000|  0%| F|  |TAMS 0x00000000c5500000, 0x00000000c5500000| Untracked 
|  58|0x00000000c5600000, 0x00000000c5600000, 0x00000000c5700000|  0%| F|  |TAMS 0x00000000c5600000, 0x00000000c5600000| Untracked 
|  59|0x00000000c5700000, 0x00000000c5700000, 0x00000000c5800000|  0%| F|  |TAMS 0x00000000c5700000, 0x00000000c5700000| Untracked 
|  60|0x00000000c5800000, 0x00000000c5800000, 0x00000000c5900000|  0%| F|  |TAMS 0x00000000c5800000, 0x00000000c5800000| Untracked 
|  61|0x00000000c5900000, 0x00000000c5900000, 0x00000000c5a00000|  0%| F|  |TAMS 0x00000000c5900000, 0x00000000c5900000| Untracked 
|  62|0x00000000c5a00000, 0x00000000c5a00000, 0x00000000c5b00000|  0%| F|  |TAMS 0x00000000c5a00000, 0x00000000c5a00000| Untracked 
|  63|0x00000000c5b00000, 0x00000000c5b00000, 0x00000000c5c00000|  0%| F|  |TAMS 0x00000000c5b00000, 0x00000000c5b00000| Untracked 
|  64|0x00000000c5c00000, 0x00000000c5c00000, 0x00000000c5d00000|  0%| F|  |TAMS 0x00000000c5c00000, 0x00000000c5c00000| Untracked 
|  65|0x00000000c5d00000, 0x00000000c5d00000, 0x00000000c5e00000|  0%| F|  |TAMS 0x00000000c5d00000, 0x00000000c5d00000| Untracked 
|  66|0x00000000c5e00000, 0x00000000c5e00000, 0x00000000c5f00000|  0%| F|  |TAMS 0x00000000c5e00000, 0x00000000c5e00000| Untracked 
|  67|0x00000000c5f00000, 0x00000000c5f00000, 0x00000000c6000000|  0%| F|  |TAMS 0x00000000c5f00000, 0x00000000c5f00000| Untracked 
|  68|0x00000000c6000000, 0x00000000c6000000, 0x00000000c6100000|  0%| F|  |TAMS 0x00000000c6000000, 0x00000000c6000000| Untracked 
|  69|0x00000000c6100000, 0x00000000c6100000, 0x00000000c6200000|  0%| F|  |TAMS 0x00000000c6100000, 0x00000000c6100000| Untracked 
|  70|0x00000000c6200000, 0x00000000c628f200, 0x00000000c6300000| 55%| S|CS|TAMS 0x00000000c6200000, 0x00000000c6200000| Complete 
|  71|0x00000000c6300000, 0x00000000c6400000, 0x00000000c6400000|100%| S|CS|TAMS 0x00000000c6300000, 0x00000000c6300000| Complete 
|  72|0x00000000c6400000, 0x00000000c6500000, 0x00000000c6500000|100%| S|CS|TAMS 0x00000000c6400000, 0x00000000c6400000| Complete 
|  73|0x00000000c6500000, 0x00000000c6600000, 0x00000000c6600000|100%| S|CS|TAMS 0x00000000c6500000, 0x00000000c6500000| Complete 
|  74|0x00000000c6600000, 0x00000000c6700000, 0x00000000c6700000|100%| S|CS|TAMS 0x00000000c6600000, 0x00000000c6600000| Complete 
|  75|0x00000000c6700000, 0x00000000c6800000, 0x00000000c6800000|100%| S|CS|TAMS 0x00000000c6700000, 0x00000000c6700000| Complete 
|  76|0x00000000c6800000, 0x00000000c6800000, 0x00000000c6900000|  0%| F|  |TAMS 0x00000000c6800000, 0x00000000c6800000| Untracked 
|  77|0x00000000c6900000, 0x00000000c6900000, 0x00000000c6a00000|  0%| F|  |TAMS 0x00000000c6900000, 0x00000000c6900000| Untracked 
|  78|0x00000000c6a00000, 0x00000000c6a00000, 0x00000000c6b00000|  0%| F|  |TAMS 0x00000000c6a00000, 0x00000000c6a00000| Untracked 
|  79|0x00000000c6b00000, 0x00000000c6b00000, 0x00000000c6c00000|  0%| F|  |TAMS 0x00000000c6b00000, 0x00000000c6b00000| Untracked 
|  80|0x00000000c6c00000, 0x00000000c6c00000, 0x00000000c6d00000|  0%| F|  |TAMS 0x00000000c6c00000, 0x00000000c6c00000| Untracked 
|  81|0x00000000c6d00000, 0x00000000c6d00000, 0x00000000c6e00000|  0%| F|  |TAMS 0x00000000c6d00000, 0x00000000c6d00000| Untracked 
|  82|0x00000000c6e00000, 0x00000000c6e00000, 0x00000000c6f00000|  0%| F|  |TAMS 0x00000000c6e00000, 0x00000000c6e00000| Untracked 
|  83|0x00000000c6f00000, 0x00000000c6f00000, 0x00000000c7000000|  0%| F|  |TAMS 0x00000000c6f00000, 0x00000000c6f00000| Untracked 
|  84|0x00000000c7000000, 0x00000000c7000000, 0x00000000c7100000|  0%| F|  |TAMS 0x00000000c7000000, 0x00000000c7000000| Untracked 
|  85|0x00000000c7100000, 0x00000000c7100000, 0x00000000c7200000|  0%| F|  |TAMS 0x00000000c7100000, 0x00000000c7100000| Untracked 
|  86|0x00000000c7200000, 0x00000000c7200000, 0x00000000c7300000|  0%| F|  |TAMS 0x00000000c7200000, 0x00000000c7200000| Untracked 
|  87|0x00000000c7300000, 0x00000000c7300000, 0x00000000c7400000|  0%| F|  |TAMS 0x00000000c7300000, 0x00000000c7300000| Untracked 
|  88|0x00000000c7400000, 0x00000000c7400000, 0x00000000c7500000|  0%| F|  |TAMS 0x00000000c7400000, 0x00000000c7400000| Untracked 
|  89|0x00000000c7500000, 0x00000000c7500000, 0x00000000c7600000|  0%| F|  |TAMS 0x00000000c7500000, 0x00000000c7500000| Untracked 
|  90|0x00000000c7600000, 0x00000000c7600000, 0x00000000c7700000|  0%| F|  |TAMS 0x00000000c7600000, 0x00000000c7600000| Untracked 
|  91|0x00000000c7700000, 0x00000000c7700000, 0x00000000c7800000|  0%| F|  |TAMS 0x00000000c7700000, 0x00000000c7700000| Untracked 
|  92|0x00000000c7800000, 0x00000000c7800000, 0x00000000c7900000|  0%| F|  |TAMS 0x00000000c7800000, 0x00000000c7800000| Untracked 
|  93|0x00000000c7900000, 0x00000000c7900000, 0x00000000c7a00000|  0%| F|  |TAMS 0x00000000c7900000, 0x00000000c7900000| Untracked 
|  94|0x00000000c7a00000, 0x00000000c7a00000, 0x00000000c7b00000|  0%| F|  |TAMS 0x00000000c7a00000, 0x00000000c7a00000| Untracked 
|  95|0x00000000c7b00000, 0x00000000c7b00000, 0x00000000c7c00000|  0%| F|  |TAMS 0x00000000c7b00000, 0x00000000c7b00000| Untracked 
|  96|0x00000000c7c00000, 0x00000000c7c00000, 0x00000000c7d00000|  0%| F|  |TAMS 0x00000000c7c00000, 0x00000000c7c00000| Untracked 
|  97|0x00000000c7d00000, 0x00000000c7d00000, 0x00000000c7e00000|  0%| F|  |TAMS 0x00000000c7d00000, 0x00000000c7d00000| Untracked 
|  98|0x00000000c7e00000, 0x00000000c7e00000, 0x00000000c7f00000|  0%| F|  |TAMS 0x00000000c7e00000, 0x00000000c7e00000| Untracked 
|  99|0x00000000c7f00000, 0x00000000c7f00000, 0x00000000c8000000|  0%| F|  |TAMS 0x00000000c7f00000, 0x00000000c7f00000| Untracked 
| 100|0x00000000c8000000, 0x00000000c8000000, 0x00000000c8100000|  0%| F|  |TAMS 0x00000000c8000000, 0x00000000c8000000| Untracked 
| 101|0x00000000c8100000, 0x00000000c8100000, 0x00000000c8200000|  0%| F|  |TAMS 0x00000000c8100000, 0x00000000c8100000| Untracked 
| 102|0x00000000c8200000, 0x00000000c8200000, 0x00000000c8300000|  0%| F|  |TAMS 0x00000000c8200000, 0x00000000c8200000| Untracked 
| 103|0x00000000c8300000, 0x00000000c8300000, 0x00000000c8400000|  0%| F|  |TAMS 0x00000000c8300000, 0x00000000c8300000| Untracked 
| 104|0x00000000c8400000, 0x00000000c8400000, 0x00000000c8500000|  0%| F|  |TAMS 0x00000000c8400000, 0x00000000c8400000| Untracked 
| 105|0x00000000c8500000, 0x00000000c8500000, 0x00000000c8600000|  0%| F|  |TAMS 0x00000000c8500000, 0x00000000c8500000| Untracked 
| 106|0x00000000c8600000, 0x00000000c8600000, 0x00000000c8700000|  0%| F|  |TAMS 0x00000000c8600000, 0x00000000c8600000| Untracked 
| 107|0x00000000c8700000, 0x00000000c8700000, 0x00000000c8800000|  0%| F|  |TAMS 0x00000000c8700000, 0x00000000c8700000| Untracked 
| 108|0x00000000c8800000, 0x00000000c8800000, 0x00000000c8900000|  0%| F|  |TAMS 0x00000000c8800000, 0x00000000c8800000| Untracked 
| 109|0x00000000c8900000, 0x00000000c8900000, 0x00000000c8a00000|  0%| F|  |TAMS 0x00000000c8900000, 0x00000000c8900000| Untracked 
| 110|0x00000000c8a00000, 0x00000000c8a00000, 0x00000000c8b00000|  0%| F|  |TAMS 0x00000000c8a00000, 0x00000000c8a00000| Untracked 
| 111|0x00000000c8b00000, 0x00000000c8b00000, 0x00000000c8c00000|  0%| F|  |TAMS 0x00000000c8b00000, 0x00000000c8b00000| Untracked 
| 112|0x00000000c8c00000, 0x00000000c8c00000, 0x00000000c8d00000|  0%| F|  |TAMS 0x00000000c8c00000, 0x00000000c8c00000| Untracked 
| 113|0x00000000c8d00000, 0x00000000c8d00000, 0x00000000c8e00000|  0%| F|  |TAMS 0x00000000c8d00000, 0x00000000c8d00000| Untracked 
| 114|0x00000000c8e00000, 0x00000000c8e00000, 0x00000000c8f00000|  0%| F|  |TAMS 0x00000000c8e00000, 0x00000000c8e00000| Untracked 
| 115|0x00000000c8f00000, 0x00000000c8f00000, 0x00000000c9000000|  0%| F|  |TAMS 0x00000000c8f00000, 0x00000000c8f00000| Untracked 
| 116|0x00000000c9000000, 0x00000000c9000000, 0x00000000c9100000|  0%| F|  |TAMS 0x00000000c9000000, 0x00000000c9000000| Untracked 
| 117|0x00000000c9100000, 0x00000000c9100000, 0x00000000c9200000|  0%| F|  |TAMS 0x00000000c9100000, 0x00000000c9100000| Untracked 
| 118|0x00000000c9200000, 0x00000000c9280800, 0x00000000c9300000| 50%| E|  |TAMS 0x00000000c9200000, 0x00000000c9200000| Complete 
| 119|0x00000000c9300000, 0x00000000c9400000, 0x00000000c9400000|100%| E|CS|TAMS 0x00000000c9300000, 0x00000000c9300000| Complete 
| 120|0x00000000c9400000, 0x00000000c9500000, 0x00000000c9500000|100%| E|CS|TAMS 0x00000000c9400000, 0x00000000c9400000| Complete 
| 121|0x00000000c9500000, 0x00000000c9600000, 0x00000000c9600000|100%| E|CS|TAMS 0x00000000c9500000, 0x00000000c9500000| Complete 
| 122|0x00000000c9600000, 0x00000000c9700000, 0x00000000c9700000|100%| E|CS|TAMS 0x00000000c9600000, 0x00000000c9600000| Complete 
| 123|0x00000000c9700000, 0x00000000c9800000, 0x00000000c9800000|100%| E|CS|TAMS 0x00000000c9700000, 0x00000000c9700000| Complete 
| 124|0x00000000c9800000, 0x00000000c9900000, 0x00000000c9900000|100%| E|CS|TAMS 0x00000000c9800000, 0x00000000c9800000| Complete 
| 125|0x00000000c9900000, 0x00000000c9a00000, 0x00000000c9a00000|100%| E|CS|TAMS 0x00000000c9900000, 0x00000000c9900000| Complete 
| 126|0x00000000c9a00000, 0x00000000c9b00000, 0x00000000c9b00000|100%| E|CS|TAMS 0x00000000c9a00000, 0x00000000c9a00000| Complete 
| 127|0x00000000c9b00000, 0x00000000c9c00000, 0x00000000c9c00000|100%| E|CS|TAMS 0x00000000c9b00000, 0x00000000c9b00000| Complete 

Card table byte_map: [0x00000282dee50000,0x00000282df050000] _byte_map_base: 0x00000282de842000

Marking Bits (Prev, Next): (CMBitMap*) 0x00000282c663ce90, (CMBitMap*) 0x00000282c663ced0
 Prev Bits: [0x00000282df250000, 0x00000282e01e0000)
 Next Bits: [0x00000282e01e0000, 0x00000282e1170000)

Polling page: 0x00000282c6470000

Metaspace:

Usage:
  Non-class:     38.15 MB used.
      Class:      5.39 MB used.
       Both:     43.54 MB used.

Virtual space:
  Non-class space:       40.00 MB reserved,      38.31 MB ( 96%) committed,  5 nodes.
      Class space:        1.00 GB reserved,       5.50 MB ( <1%) committed,  1 nodes.
             Both:        1.04 GB reserved,      43.81 MB (  4%) committed. 

Chunk freelists:
   Non-Class:  768.00 KB
       Class:  2.32 MB
        Both:  3.07 MB

MaxMetaspaceSize: unlimited
CompressedClassSpaceSize: 1.00 GB
Initial GC threshold: 21.00 MB
Current GC threshold: 57.31 MB
CDS: on
MetaspaceReclaimPolicy: balanced
 - commit_granule_bytes: 65536.
 - commit_granule_words: 8192.
 - virtual_space_node_default_size: 1048576.
 - enlarge_chunks_in_place: 1.
 - new_chunks_are_fully_committed: 0.
 - uncommit_free_chunks: 1.
 - use_allocation_guard: 0.
 - handle_deallocations: 1.


Internal statistics:

num_allocs_failed_limit: 3.
num_arena_births: 154.
num_arena_deaths: 0.
num_vsnodes_births: 6.
num_vsnodes_deaths: 0.
num_space_committed: 699.
num_space_uncommitted: 0.
num_chunks_returned_to_freelist: 3.
num_chunks_taken_from_freelist: 1651.
num_chunk_merges: 3.
num_chunk_splits: 1355.
num_chunks_enlarged: 1219.
num_purges: 0.
num_inconsistent_stats: 0.

CodeHeap 'non-profiled nmethods': size=120000Kb used=1754Kb max_used=1754Kb free=118246Kb
 bounds [0x00000282d7100000, 0x00000282d7370000, 0x00000282de630000]
CodeHeap 'profiled nmethods': size=120000Kb used=8948Kb max_used=8948Kb free=111051Kb
 bounds [0x00000282cfbd0000, 0x00000282d0490000, 0x00000282d7100000]
CodeHeap 'non-nmethods': size=5760Kb used=1281Kb max_used=1345Kb free=4478Kb
 bounds [0x00000282cf630000, 0x00000282cf8a0000, 0x00000282cfbd0000]
 total_blobs=4980 nmethods=4380 adapters=512
 compilation: enabled
              stopped_count=0, restarted_count=0
 full_count=0

Compilation events (20 events):
Event: 17.147 Thread 0x00000282e36b94c0 4300       3       org.jetbrains.kotlin.util.slicedMap.SlicedMapImpl::get (68 bytes)
Event: 17.147 Thread 0x00000282e36b94c0 nmethod 4300 0x00000282d044e090 code [0x00000282d044e2a0, 0x00000282d044eb68]
Event: 17.151 Thread 0x00000282e36b94c0 4301       1       org.jetbrains.kotlin.config.LanguageVersionSettingsImpl::getApiVersion (5 bytes)
Event: 17.152 Thread 0x00000282e36b94c0 nmethod 4301 0x00000282d72af910 code [0x00000282d72afaa0, 0x00000282d72afb78]
Event: 17.153 Thread 0x00000282e36b94c0 4302       1       org.jetbrains.kotlin.config.LanguageFeature::getSinceApiVersion (5 bytes)
Event: 17.153 Thread 0x00000282e36b94c0 nmethod 4302 0x00000282d72afc10 code [0x00000282d72afda0, 0x00000282d72afe78]
Event: 17.153 Thread 0x00000282e36b94c0 4303       1       org.jetbrains.kotlin.config.LanguageFeature::getDefaultState (5 bytes)
Event: 17.153 Thread 0x00000282e36b94c0 nmethod 4303 0x00000282d72aff10 code [0x00000282d72b00a0, 0x00000282d72b0178]
Event: 17.164 Thread 0x00000282e36b94c0 4304       3       org.jetbrains.kotlin.descriptors.PackageFragmentProviderKt::isEmpty (45 bytes)
Event: 17.165 Thread 0x00000282e36b94c0 nmethod 4304 0x00000282d044ed90 code [0x00000282d044f060, 0x00000282d044fec8]
Event: 17.167 Thread 0x00000282e36b94c0 4305       3       org.jetbrains.kotlin.load.java.components.JavaAnnotationMapper::findMappedJavaAnnotation (170 bytes)
Event: 17.169 Thread 0x00000282e36b94c0 nmethod 4305 0x00000282d0450310 code [0x00000282d04507a0, 0x00000282d04526f8]
Event: 17.183 Thread 0x00000282e36b94c0 4306       3       org.jetbrains.kotlin.resolve.QualifiedExpressionResolver::storeResult (213 bytes)
Event: 17.186 Thread 0x00000282e36b94c0 nmethod 4306 0x00000282d0453290 code [0x00000282d0453700, 0x00000282d0455c38]
Event: 17.204 Thread 0x00000282e36b94c0 4307       3       org.jetbrains.kotlin.psi.KtElementImplStub::getParent (18 bytes)
Event: 17.205 Thread 0x00000282e36b94c0 nmethod 4307 0x00000282d0456510 code [0x00000282d0456780, 0x00000282d0457178]
Event: 17.205 Thread 0x00000282e36b94c0 4308       3       org.jetbrains.kotlin.psi.psiUtil.KtPsiUtilKt::getParentSubstitute (25 bytes)
Event: 17.207 Thread 0x00000282e36b94c0 nmethod 4308 0x00000282d0457510 code [0x00000282d0457840, 0x00000282d0458aa8]
Event: 17.207 Thread 0x00000282e36b94c0 4309       1       org.jetbrains.kotlin.storage.LockBasedLazyResolveStorageManager$LockProtectedTrace::access$getTrace$p (5 bytes)
Event: 17.207 Thread 0x00000282e36b94c0 nmethod 4309 0x00000282d72b0210 code [0x00000282d72b03a0, 0x00000282d72b0458]

GC Heap History (20 events):
Event: 7.244 GC heap before
{Heap before GC invocations=2 (full 0):
 garbage-first heap   total 65536K, used 49952K [0x00000000c1c00000, 0x0000000100000000)
  region size 1024K, 38 young (38912K), 2 survivors (2048K)
 Metaspace       used 16523K, committed 16640K, reserved 1064960K
  class space    used 1859K, committed 1920K, reserved 1048576K
}
Event: 7.282 GC heap after
{Heap after GC invocations=3 (full 0):
 garbage-first heap   total 65536K, used 17408K [0x00000000c1c00000, 0x0000000100000000)
  region size 1024K, 5 young (5120K), 5 survivors (5120K)
 Metaspace       used 16523K, committed 16640K, reserved 1064960K
  class space    used 1859K, committed 1920K, reserved 1048576K
}
Event: 9.481 GC heap before
{Heap before GC invocations=3 (full 0):
 garbage-first heap   total 65536K, used 35840K [0x00000000c1c00000, 0x0000000100000000)
  region size 1024K, 24 young (24576K), 5 survivors (5120K)
 Metaspace       used 21343K, committed 21504K, reserved 1073152K
  class space    used 2750K, committed 2816K, reserved 1048576K
}
Event: 9.532 GC heap after
{Heap after GC invocations=4 (full 0):
 garbage-first heap   total 65536K, used 22323K [0x00000000c1c00000, 0x0000000100000000)
  region size 1024K, 5 young (5120K), 5 survivors (5120K)
 Metaspace       used 21343K, committed 21504K, reserved 1073152K
  class space    used 2750K, committed 2816K, reserved 1048576K
}
Event: 11.964 GC heap before
{Heap before GC invocations=5 (full 0):
 garbage-first heap   total 65536K, used 47923K [0x00000000c1c00000, 0x0000000100000000)
  region size 1024K, 25 young (25600K), 5 survivors (5120K)
 Metaspace       used 23245K, committed 23424K, reserved 1073152K
  class space    used 3005K, committed 3072K, reserved 1048576K
}
Event: 11.988 GC heap after
{Heap after GC invocations=6 (full 0):
 garbage-first heap   total 65536K, used 28422K [0x00000000c1c00000, 0x0000000100000000)
  region size 1024K, 4 young (4096K), 4 survivors (4096K)
 Metaspace       used 23245K, committed 23424K, reserved 1073152K
  class space    used 3005K, committed 3072K, reserved 1048576K
}
Event: 12.023 GC heap before
{Heap before GC invocations=6 (full 0):
 garbage-first heap   total 65536K, used 29446K [0x00000000c1c00000, 0x0000000100000000)
  region size 1024K, 5 young (5120K), 4 survivors (4096K)
 Metaspace       used 23520K, committed 23744K, reserved 1073152K
  class space    used 3039K, committed 3136K, reserved 1048576K
}
Event: 12.042 GC heap after
{Heap after GC invocations=7 (full 0):
 garbage-first heap   total 65536K, used 29357K [0x00000000c1c00000, 0x0000000100000000)
  region size 1024K, 1 young (1024K), 1 survivors (1024K)
 Metaspace       used 23520K, committed 23744K, reserved 1073152K
  class space    used 3039K, committed 3136K, reserved 1048576K
}
Event: 12.742 GC heap before
{Heap before GC invocations=7 (full 0):
 garbage-first heap   total 65536K, used 46765K [0x00000000c1c00000, 0x0000000100000000)
  region size 1024K, 18 young (18432K), 1 survivors (1024K)
 Metaspace       used 27144K, committed 27328K, reserved 1073152K
  class space    used 3433K, committed 3520K, reserved 1048576K
}
Event: 12.750 GC heap after
{Heap after GC invocations=8 (full 0):
 garbage-first heap   total 65536K, used 30579K [0x00000000c1c00000, 0x0000000100000000)
  region size 1024K, 2 young (2048K), 2 survivors (2048K)
 Metaspace       used 27144K, committed 27328K, reserved 1073152K
  class space    used 3433K, committed 3520K, reserved 1048576K
}
Event: 13.498 GC heap before
{Heap before GC invocations=8 (full 0):
 garbage-first heap   total 65536K, used 47987K [0x00000000c1c00000, 0x0000000100000000)
  region size 1024K, 19 young (19456K), 2 survivors (2048K)
 Metaspace       used 30743K, committed 30912K, reserved 1081344K
  class space    used 3903K, committed 3968K, reserved 1048576K
}
Event: 13.512 GC heap after
{Heap after GC invocations=9 (full 0):
 garbage-first heap   total 65536K, used 32707K [0x00000000c1c00000, 0x0000000100000000)
  region size 1024K, 3 young (3072K), 3 survivors (3072K)
 Metaspace       used 30743K, committed 30912K, reserved 1081344K
  class space    used 3903K, committed 3968K, reserved 1048576K
}
Event: 14.465 GC heap before
{Heap before GC invocations=9 (full 0):
 garbage-first heap   total 65536K, used 48067K [0x00000000c1c00000, 0x0000000100000000)
  region size 1024K, 19 young (19456K), 3 survivors (3072K)
 Metaspace       used 34768K, committed 35008K, reserved 1081344K
  class space    used 4390K, committed 4480K, reserved 1048576K
}
Event: 14.476 GC heap after
{Heap after GC invocations=10 (full 0):
 garbage-first heap   total 65536K, used 33982K [0x00000000c1c00000, 0x0000000100000000)
  region size 1024K, 2 young (2048K), 2 survivors (2048K)
 Metaspace       used 34768K, committed 35008K, reserved 1081344K
  class space    used 4390K, committed 4480K, reserved 1048576K
}
Event: 15.352 GC heap before
{Heap before GC invocations=11 (full 0):
 garbage-first heap   total 65536K, used 46270K [0x00000000c1c00000, 0x0000000100000000)
  region size 1024K, 18 young (18432K), 2 survivors (2048K)
 Metaspace       used 37379K, committed 37696K, reserved 1089536K
  class space    used 4695K, committed 4864K, reserved 1048576K
}
Event: 15.363 GC heap after
{Heap after GC invocations=12 (full 0):
 garbage-first heap   total 65536K, used 33127K [0x00000000c1c00000, 0x0000000100000000)
  region size 1024K, 3 young (3072K), 3 survivors (3072K)
 Metaspace       used 37379K, committed 37696K, reserved 1089536K
  class space    used 4695K, committed 4864K, reserved 1048576K
}
Event: 15.450 GC heap before
{Heap before GC invocations=12 (full 0):
 garbage-first heap   total 65536K, used 35175K [0x00000000c1c00000, 0x0000000100000000)
  region size 1024K, 6 young (6144K), 3 survivors (3072K)
 Metaspace       used 37473K, committed 37760K, reserved 1089536K
  class space    used 4696K, committed 4864K, reserved 1048576K
}
Event: 15.463 GC heap after
{Heap after GC invocations=13 (full 0):
 garbage-first heap   total 131072K, used 33899K [0x00000000c1c00000, 0x0000000100000000)
  region size 1024K, 1 young (1024K), 1 survivors (1024K)
 Metaspace       used 37473K, committed 37760K, reserved 1089536K
  class space    used 4696K, committed 4864K, reserved 1048576K
}
Event: 16.754 GC heap before
{Heap before GC invocations=13 (full 0):
 garbage-first heap   total 131072K, used 88171K [0x00000000c1c00000, 0x0000000100000000)
  region size 1024K, 53 young (54272K), 1 survivors (1024K)
 Metaspace       used 42019K, committed 42304K, reserved 1089536K
  class space    used 5209K, committed 5376K, reserved 1048576K
}
Event: 16.769 GC heap after
{Heap after GC invocations=14 (full 0):
 garbage-first heap   total 131072K, used 38841K [0x00000000c1c00000, 0x0000000100000000)
  region size 1024K, 6 young (6144K), 6 survivors (6144K)
 Metaspace       used 42019K, committed 42304K, reserved 1089536K
  class space    used 5209K, committed 5376K, reserved 1048576K
}

Deoptimization events (20 events):
Event: 15.849 Thread 0x00000282c660de60 Uncommon trap: trap_request=0xffffffc6 fr.pc=0x00000282d726d40c relative=0x00000000000003cc
Event: 15.849 Thread 0x00000282c660de60 Uncommon trap: reason=bimorphic_or_optimized_type_check action=maybe_recompile pc=0x00000282d726d40c method=kotlin.SynchronizedLazyImpl.getValue()Ljava/lang/Object; @ 57 c2
Event: 15.849 Thread 0x00000282c660de60 DEOPT PACKING pc=0x00000282d726d40c sp=0x000000b85d3fba20
Event: 15.849 Thread 0x00000282c660de60 DEOPT UNPACKING pc=0x00000282cf6823a3 sp=0x000000b85d3fb9b8 mode 2
Event: 15.855 Thread 0x00000282c660de60 Uncommon trap: trap_request=0xffffffc6 fr.pc=0x00000282d726d40c relative=0x00000000000003cc
Event: 15.855 Thread 0x00000282c660de60 Uncommon trap: reason=bimorphic_or_optimized_type_check action=maybe_recompile pc=0x00000282d726d40c method=kotlin.SynchronizedLazyImpl.getValue()Ljava/lang/Object; @ 57 c2
Event: 15.855 Thread 0x00000282c660de60 DEOPT PACKING pc=0x00000282d726d40c sp=0x000000b85d3fc5d0
Event: 15.855 Thread 0x00000282c660de60 DEOPT UNPACKING pc=0x00000282cf6823a3 sp=0x000000b85d3fc568 mode 2
Event: 15.873 Thread 0x00000282c660de60 Uncommon trap: trap_request=0xffffff45 fr.pc=0x00000282d7269728 relative=0x0000000000000d28
Event: 15.873 Thread 0x00000282c660de60 Uncommon trap: reason=unstable_if action=reinterpret pc=0x00000282d7269728 method=gnu.trove.TObjectHash.insertionIndex(Ljava/lang/Object;)I @ 65 c2
Event: 15.873 Thread 0x00000282c660de60 DEOPT PACKING pc=0x00000282d7269728 sp=0x000000b85d3fd450
Event: 15.873 Thread 0x00000282c660de60 DEOPT UNPACKING pc=0x00000282cf6823a3 sp=0x000000b85d3fd3e0 mode 2
Event: 16.056 Thread 0x00000282c660de60 DEOPT PACKING pc=0x00000282d01c1e65 sp=0x000000b85d3fbd30
Event: 16.056 Thread 0x00000282c660de60 DEOPT UNPACKING pc=0x00000282cf682b43 sp=0x000000b85d3fb180 mode 0
Event: 16.196 Thread 0x00000282c660de60 Uncommon trap: trap_request=0xffffff45 fr.pc=0x00000282d726cc3c relative=0x000000000000029c
Event: 16.196 Thread 0x00000282c660de60 Uncommon trap: reason=unstable_if action=reinterpret pc=0x00000282d726cc3c method=org.jetbrains.kotlin.name.Name.hashCode()I @ 16 c2
Event: 16.196 Thread 0x00000282c660de60 DEOPT PACKING pc=0x00000282d726cc3c sp=0x000000b85d3fd660
Event: 16.196 Thread 0x00000282c660de60 DEOPT UNPACKING pc=0x00000282cf6823a3 sp=0x000000b85d3fd5f8 mode 2
Event: 16.355 Thread 0x00000282c660de60 DEOPT PACKING pc=0x00000282d01c1e65 sp=0x000000b85d3fa350
Event: 16.355 Thread 0x00000282c660de60 DEOPT UNPACKING pc=0x00000282cf682b43 sp=0x000000b85d3f97a0 mode 0

Classes unloaded (0 events):
No events

Classes redefined (0 events):
No events

Internal exceptions (20 events):
Event: 7.216 Thread 0x00000282c660de60 Implicit null exception at 0x00000282d718a80c to 0x00000282d718a9d1
Event: 7.383 Thread 0x00000282c660de60 Exception <a 'java/lang/NoSuchMethodError'{0x00000000c57ec7a8}: 'void java.lang.invoke.DirectMethodHandle$Holder.invokeStatic(java.lang.Object, java.lang.Object, java.lang.Object, java.lang.Object)'> (0x00000000c57ec7a8) 
thrown [t:\workspace\open\src\hotspot\share\interpreter\linkResolver.cpp, line 766]
Event: 7.514 Thread 0x00000282c660de60 Exception <a 'java/lang/NoSuchMethodError'{0x00000000c53c4d70}: 'void java.lang.invoke.DirectMethodHandle$Holder.invokeStaticInit(java.lang.Object, java.lang.Object)'> (0x00000000c53c4d70) 
thrown [t:\workspace\open\src\hotspot\share\interpreter\linkResolver.cpp, line 766]
Event: 7.954 Thread 0x00000282c660de60 Exception <a 'java/lang/NoSuchMethodError'{0x00000000c5208f30}: 'void java.lang.invoke.DirectMethodHandle$Holder.invokeInterface(java.lang.Object, java.lang.Object)'> (0x00000000c5208f30) 
thrown [t:\workspace\open\src\hotspot\share\interpreter\linkResolver.cpp, line 766]
Event: 8.754 Thread 0x00000282c660de60 Exception <a 'java/lang/NoSuchMethodError'{0x00000000c4e94658}: 'void java.lang.invoke.DirectMethodHandle$Holder.invokeVirtual(java.lang.Object, java.lang.Object)'> (0x00000000c4e94658) 
thrown [t:\workspace\open\src\hotspot\share\interpreter\linkResolver.cpp, line 766]
Event: 8.795 Thread 0x00000282c660de60 Exception <a 'java/lang/NoSuchMethodError'{0x00000000c4d03e98}: 'int java.lang.invoke.DirectMethodHandle$Holder.invokeVirtual(java.lang.Object, java.lang.Object)'> (0x00000000c4d03e98) 
thrown [t:\workspace\open\src\hotspot\share\interpreter\linkResolver.cpp, line 766]
Event: 8.828 Thread 0x00000282c660de60 Exception <a 'java/lang/NoSuchMethodError'{0x00000000c4db71a0}: 'java.lang.Object java.lang.invoke.Invokers$Holder.invokeExact_MT(java.lang.Object, java.lang.Object, java.lang.Object, java.lang.Object, java.lang.Object, java.lang.Object)'> (0x00000000c4db71a0) 
thrown [t:\workspace\open\src\hotspot\share\interpreter\linkResolver.cpp, line 766]
Event: 10.760 Thread 0x00000282c660de60 Implicit null exception at 0x00000282d715f4e0 to 0x00000282d715f57a
Event: 10.761 Thread 0x00000282c660de60 Implicit null exception at 0x00000282d716126f to 0x00000282d7161498
Event: 12.305 Thread 0x00000282c660de60 Exception <a 'java/lang/NoSuchMethodError'{0x00000000c54cd0a0}: 'java.lang.Object java.lang.invoke.DirectMethodHandle$Holder.invokeVirtual(java.lang.Object, java.lang.Object, java.lang.Object)'> (0x00000000c54cd0a0) 
thrown [t:\workspace\open\src\hotspot\share\interpreter\linkResolver.cpp, line 766]
Event: 14.217 Thread 0x00000282c660de60 Exception <a 'java/lang/NoSuchMethodError'{0x00000000c50271f8}: 'java.lang.Object java.lang.invoke.DirectMethodHandle$Holder.newInvokeSpecial(java.lang.Object, java.lang.Object, int)'> (0x00000000c50271f8) 
thrown [t:\workspace\open\src\hotspot\share\interpreter\linkResolver.cpp, line 766]
Event: 14.331 Thread 0x00000282c660de60 Exception <a 'java/lang/NoSuchMethodError'{0x00000000c4fb4190}: 'java.lang.Object java.lang.invoke.DirectMethodHandle$Holder.newInvokeSpecial(java.lang.Object, java.lang.Object, java.lang.Object, int)'> (0x00000000c4fb4190) 
thrown [t:\workspace\open\src\hotspot\share\interpreter\linkResolver.cpp, line 766]
Event: 14.332 Thread 0x00000282c660de60 Exception <a 'java/lang/NoSuchMethodError'{0x00000000c4fb8818}: 'java.lang.Object java.lang.invoke.DirectMethodHandle$Holder.invokeSpecial(java.lang.Object, java.lang.Object, java.lang.Object, java.lang.Object, int)'> (0x00000000c4fb8818) 
thrown [t:\workspace\open\src\hotspot\share\interpreter\linkResolver.cpp, line 766]
Event: 14.333 Thread 0x00000282c660de60 Exception <a 'java/lang/NoSuchMethodError'{0x00000000c4fbc688}: 'java.lang.Object java.lang.invoke.Invokers$Holder.linkToTargetMethod(java.lang.Object, java.lang.Object, int, java.lang.Object)'> (0x00000000c4fbc688) 
thrown [t:\workspace\open\src\hotspot\share\interpreter\linkResolver.cpp, line 766]
Event: 14.356 Thread 0x00000282c660de60 Exception <a 'java/lang/NoSuchMethodError'{0x00000000c4e17678}: 'int java.lang.invoke.DirectMethodHandle$Holder.invokeSpecial(java.lang.Object, java.lang.Object, java.lang.Object)'> (0x00000000c4e17678) 
thrown [t:\workspace\open\src\hotspot\share\interpreter\linkResolver.cpp, line 766]
Event: 16.229 Thread 0x00000282c660de60 Exception <a 'java/lang/NoSuchMethodError'{0x00000000c71ff360}: 'java.lang.Object java.lang.invoke.DirectMethodHandle$Holder.newInvokeSpecial(java.lang.Object, java.lang.Object, java.lang.Object, java.lang.Object, java.lang.Object, java.lang.Object)'> (0x00000000c71ff360) 
thrown [t:\workspace\open\src\hotspot\share\interpreter\linkResolver.cpp, line 766]
Event: 16.826 Thread 0x00000282c660de60 Exception <a 'java/lang/NoSuchMethodError'{0x00000000c9b9f100}: 'java.lang.Object java.lang.invoke.DirectMethodHandle$Holder.invokeStatic(java.lang.Object, java.lang.Object, java.lang.Object, java.lang.Object, int)'> (0x00000000c9b9f100) 
thrown [t:\workspace\open\src\hotspot\share\interpreter\linkResolver.cpp, line 766]
Event: 16.830 Thread 0x00000282c660de60 Exception <a 'java/lang/NoSuchMethodError'{0x00000000c9ba8f98}: 'java.lang.Object java.lang.invoke.DirectMethodHandle$Holder.newInvokeSpecial(java.lang.Object, java.lang.Object, java.lang.Object, java.lang.Object, int)'> (0x00000000c9ba8f98) 
thrown [t:\workspace\open\src\hotspot\share\interpreter\linkResolver.cpp, line 766]
Event: 16.832 Thread 0x00000282c660de60 Exception <a 'java/lang/NoSuchMethodError'{0x00000000c9badd70}: 'java.lang.Object java.lang.invoke.DirectMethodHandle$Holder.invokeSpecial(java.lang.Object, java.lang.Object, java.lang.Object, java.lang.Object, java.lang.Object, int)'> (0x00000000c9badd70) 
thrown [t:\workspace\open\src\hotspot\share\interpreter\linkResolver.cpp, line 766]
Event: 16.833 Thread 0x00000282c660de60 Exception <a 'java/lang/NoSuchMethodError'{0x00000000c9bb24f8}: 'java.lang.Object java.lang.invoke.Invokers$Holder.linkToTargetMethod(java.lang.Object, java.lang.Object, java.lang.Object, int, java.lang.Object)'> (0x00000000c9bb24f8) 
thrown [t:\workspace\open\src\hotspot\share\interpreter\linkResolver.cpp, line 766]

VM Operations (20 events):
Event: 16.294 Executing VM operation: HandshakeAllThreads
Event: 16.294 Executing VM operation: HandshakeAllThreads done
Event: 16.319 Executing VM operation: HandshakeAllThreads
Event: 16.319 Executing VM operation: HandshakeAllThreads done
Event: 16.466 Executing VM operation: ICBufferFull
Event: 16.467 Executing VM operation: ICBufferFull done
Event: 16.532 Executing VM operation: HandshakeAllThreads
Event: 16.532 Executing VM operation: HandshakeAllThreads done
Event: 16.715 Executing VM operation: HandshakeAllThreads
Event: 16.715 Executing VM operation: HandshakeAllThreads done
Event: 16.746 Executing VM operation: HandshakeAllThreads
Event: 16.746 Executing VM operation: HandshakeAllThreads done
Event: 16.754 Executing VM operation: G1CollectForAllocation
Event: 16.769 Executing VM operation: G1CollectForAllocation done
Event: 16.869 Executing VM operation: HandshakeAllThreads
Event: 16.869 Executing VM operation: HandshakeAllThreads done
Event: 16.936 Executing VM operation: HandshakeAllThreads
Event: 16.936 Executing VM operation: HandshakeAllThreads done
Event: 16.938 Executing VM operation: HandshakeAllThreads
Event: 16.938 Executing VM operation: HandshakeAllThreads done

Events (20 events):
Event: 16.431 loading class com/sun/org/apache/xerces/internal/util/ErrorHandlerWrapper
Event: 16.432 loading class com/sun/org/apache/xerces/internal/xni/parser/XMLErrorHandler
Event: 16.432 loading class com/sun/org/apache/xerces/internal/xni/parser/XMLErrorHandler done
Event: 16.432 loading class com/sun/org/apache/xerces/internal/util/ErrorHandlerWrapper done
Event: 16.432 loading class com/sun/org/apache/xerces/internal/impl/XMLEntityManager$RewindableInputStream
Event: 16.438 loading class com/sun/org/apache/xerces/internal/impl/XMLEntityManager$RewindableInputStream done
Event: 16.438 loading class com/sun/org/apache/xerces/internal/impl/XMLEntityManager$EncodingInfo
Event: 16.443 loading class com/sun/org/apache/xerces/internal/impl/XMLEntityManager$EncodingInfo done
Event: 16.443 loading class com/sun/org/apache/xerces/internal/impl/io/UTF8Reader
Event: 16.449 loading class com/sun/org/apache/xerces/internal/impl/io/UTF8Reader done
Event: 16.450 loading class com/sun/org/apache/xerces/internal/parsers/AbstractSAXParser$LocatorProxy
Event: 16.451 loading class org/xml/sax/ext/Locator2
Event: 16.451 loading class org/xml/sax/Locator
Event: 16.451 loading class org/xml/sax/Locator done
Event: 16.451 loading class org/xml/sax/ext/Locator2 done
Event: 16.451 loading class com/sun/org/apache/xerces/internal/parsers/AbstractSAXParser$LocatorProxy done
Event: 16.451 loading class com/sun/org/apache/xerces/internal/impl/Constants
Event: 16.455 loading class com/sun/org/apache/xerces/internal/impl/Constants done
Event: 16.455 loading class com/sun/org/apache/xerces/internal/impl/Constants$ArrayEnumeration
Event: 16.455 loading class com/sun/org/apache/xerces/internal/impl/Constants$ArrayEnumeration done


Dynamic libraries:
0x00007ff6dad50000 - 0x00007ff6dad60000 	C:\Program Files\Java\jdk-17\bin\java.exe
0x00007fff56eb0000 - 0x00007fff570a5000 	C:\Windows\SYSTEM32\ntdll.dll
0x00007fff56db0000 - 0x00007fff56e6e000 	C:\Windows\System32\KERNEL32.DLL
0x00007fff548c0000 - 0x00007fff54b88000 	C:\Windows\System32\KERNELBASE.dll
0x00007fff54d60000 - 0x00007fff54e60000 	C:\Windows\System32\ucrtbase.dll
0x00007fff04090000 - 0x00007fff040aa000 	C:\Program Files\Java\jdk-17\bin\VCRUNTIME140.dll
0x00007ffef90f0000 - 0x00007ffef9108000 	C:\Program Files\Java\jdk-17\bin\jli.dll
0x00007fff55f50000 - 0x00007fff55ffe000 	C:\Windows\System32\ADVAPI32.dll
0x00007fff55560000 - 0x00007fff555fe000 	C:\Windows\System32\msvcrt.dll
0x00007fff55660000 - 0x00007fff556fc000 	C:\Windows\System32\sechost.dll
0x00007fff55700000 - 0x00007fff55825000 	C:\Windows\System32\RPCRT4.dll
0x00007fff553c0000 - 0x00007fff55560000 	C:\Windows\System32\USER32.dll
0x00007fff54ca0000 - 0x00007fff54cc2000 	C:\Windows\System32\win32u.dll
0x00007fff3b7c0000 - 0x00007fff3ba5a000 	C:\Windows\WinSxS\amd64_microsoft.windows.common-controls_6595b64144ccf1df_6.0.19041.1110_none_60b5254171f9507e\COMCTL32.dll
0x00007fff54f10000 - 0x00007fff54f3b000 	C:\Windows\System32\GDI32.dll
0x00007fff54b90000 - 0x00007fff54c9d000 	C:\Windows\System32\gdi32full.dll
0x00007fff54e60000 - 0x00007fff54efd000 	C:\Windows\System32\msvcp_win.dll
0x00007fff4dd00000 - 0x00007fff4dd0a000 	C:\Windows\SYSTEM32\VERSION.dll
0x00007fff55a10000 - 0x00007fff55a40000 	C:\Windows\System32\IMM32.DLL
0x00007fff35ad0000 - 0x00007fff35adc000 	C:\Program Files\Java\jdk-17\bin\vcruntime140_1.dll
0x00007ffee10f0000 - 0x00007ffee117d000 	C:\Program Files\Java\jdk-17\bin\msvcp140.dll
0x00007ffedcb90000 - 0x00007ffedd74e000 	C:\Program Files\Java\jdk-17\bin\server\jvm.dll
0x00007fff54f00000 - 0x00007fff54f08000 	C:\Windows\System32\PSAPI.DLL
0x00007fff3b740000 - 0x00007fff3b749000 	C:\Windows\SYSTEM32\WSOCK32.dll
0x00007fff56d40000 - 0x00007fff56dab000 	C:\Windows\System32\WS2_32.dll
0x00007fff3bdd0000 - 0x00007fff3bdf7000 	C:\Windows\SYSTEM32\WINMM.dll
0x00007fff52e00000 - 0x00007fff52e12000 	C:\Windows\SYSTEM32\kernel.appcore.dll
0x00007fff333a0000 - 0x00007fff333aa000 	C:\Program Files\Java\jdk-17\bin\jimage.dll
0x00007fff52380000 - 0x00007fff52564000 	C:\Windows\SYSTEM32\DBGHELP.DLL
0x00007fff397c0000 - 0x00007fff397ec000 	C:\Windows\SYSTEM32\dbgcore.DLL
0x00007fff54cd0000 - 0x00007fff54d52000 	C:\Windows\System32\bcryptPrimitives.dll
0x00007ffef90c0000 - 0x00007ffef90e5000 	C:\Program Files\Java\jdk-17\bin\java.dll
0x00007ffee0b40000 - 0x00007ffee0c16000 	C:\Program Files\Java\jdk-17\bin\svml.dll
0x00007fff56480000 - 0x00007fff56bc4000 	C:\Windows\System32\SHELL32.dll
0x00007fff52570000 - 0x00007fff52d04000 	C:\Windows\SYSTEM32\windows.storage.dll
0x00007fff55bf0000 - 0x00007fff55f45000 	C:\Windows\System32\combase.dll
0x00007fff53ee0000 - 0x00007fff53f0e000 	C:\Windows\SYSTEM32\Wldp.dll
0x00007fff55a40000 - 0x00007fff55aed000 	C:\Windows\System32\SHCORE.dll
0x00007fff56bf0000 - 0x00007fff56c45000 	C:\Windows\System32\shlwapi.dll
0x00007fff54500000 - 0x00007fff5451f000 	C:\Windows\SYSTEM32\profapi.dll
0x00007ffef90a0000 - 0x00007ffef90b9000 	C:\Program Files\Java\jdk-17\bin\net.dll
0x00007fff4c3e0000 - 0x00007fff4c4ec000 	C:\Windows\SYSTEM32\WINHTTP.dll
0x00007fff53ca0000 - 0x00007fff53d0a000 	C:\Windows\system32\mswsock.dll
0x00007ffef9080000 - 0x00007ffef9095000 	C:\Program Files\Java\jdk-17\bin\nio.dll
0x00007ffef7c40000 - 0x00007ffef7c58000 	C:\Program Files\Java\jdk-17\bin\zip.dll
0x00007fff33340000 - 0x00007fff33350000 	C:\Program Files\Java\jdk-17\bin\verify.dll

dbghelp: loaded successfully - version: 4.0.5 - missing functions: none
symbol engine: initialized successfully - sym options: 0x614 - pdb path: .;C:\Program Files\Java\jdk-17\bin;C:\Windows\SYSTEM32;C:\Windows\WinSxS\amd64_microsoft.windows.common-controls_6595b64144ccf1df_6.0.19041.1110_none_60b5254171f9507e;C:\Program Files\Java\jdk-17\bin\server

VM Arguments:
java_command: org.jetbrains.kotlin.cli.jvm.K2JVMCompiler @F:\bigpro2\android\app\build\20220620_3088477714836851661.compiler.options
java_class_path (initial): C:\Users\shafa azahri\.gradle\caches\modules-2\files-2.1\org.jetbrains.kotlin\kotlin-compiler-embeddable\1.5.20\1900e8b9aca0a9caffd45b99b36e3720a0a284f8\kotlin-compiler-embeddable-1.5.20.jar;C:\Users\shafa azahri\.gradle\caches\modules-2\files-2.1\org.jetbrains.kotlin\kotlin-reflect\1.5.20\63810951f09a27f7827977f1bc21094042a915e\kotlin-reflect-1.5.20.jar;C:\Users\shafa azahri\.gradle\caches\modules-2\files-2.1\org.jetbrains.kotlin\kotlin-stdlib\1.5.20\9de35cc611bcecec8edce1d56d8e659953806751\kotlin-stdlib-1.5.20.jar;C:\Users\shafa azahri\.gradle\caches\modules-2\files-2.1\org.jetbrains.kotlin\kotlin-script-runtime\1.5.20\4381bb58d37b84d4d1afe55ec35542dd9b77e101\kotlin-script-runtime-1.5.20.jar;C:\Users\shafa azahri\.gradle\caches\modules-2\files-2.1\org.jetbrains.kotlin\kotlin-daemon-embeddable\1.5.20\36c38cda019834dcd2959cc33a12768adcd94256\kotlin-daemon-embeddable-1.5.20.jar;C:\Users\shafa azahri\.gradle\caches\modules-2\files-2.1\org.jetbrains.intellij.deps\trove4j\1.0.20181211\216c2e14b070f334479d800987affe4054cd563f\trove4j-1.0.20181211.jar;C:\Users\shafa azahri\.gradle\caches\modules-2\files-2.1\org.jetbrains\annotations\13.0\919f0dfe192fb4e063e7dacadee7f8bb9a2672a9\annotations-13.0.jar;C:\Users\shafa azahri\.gradle\caches\modules-2\files-2.1\org.jetbrains.kotlin\kotlin-stdlib-common\1.5.20\3d79dbd48bf605f4aac1e7028981a1953e245cbb\kotlin-stdlib-common-1.5.20.jar
Launcher Type: SUN_STANDARD

[Global flags]
     intx CICompilerCount                          = 3                                         {product} {ergonomic}
     uint ConcGCThreads                            = 1                                         {product} {ergonomic}
     uint G1ConcRefinementThreads                  = 4                                         {product} {ergonomic}
   size_t G1HeapRegionSize                         = 1048576                                   {product} {ergonomic}
    uintx GCDrainStackTargetSize                   = 64                                        {product} {ergonomic}
   size_t InitialHeapSize                          = 67108864                                  {product} {ergonomic}
   size_t MarkStackSize                            = 4194304                                   {product} {ergonomic}
   size_t MaxHeapSize                              = 1044381696                                {product} {ergonomic}
   size_t MaxNewSize                               = 625999872                                 {product} {ergonomic}
   size_t MinHeapDeltaBytes                        = 1048576                                   {product} {ergonomic}
   size_t MinHeapSize                              = 8388608                                   {product} {ergonomic}
    uintx NonNMethodCodeHeapSize                   = 5832780                                {pd product} {ergonomic}
    uintx NonProfiledCodeHeapSize                  = 122912730                              {pd product} {ergonomic}
    uintx ProfiledCodeHeapSize                     = 122912730                              {pd product} {ergonomic}
    uintx ReservedCodeCacheSize                    = 251658240                              {pd product} {ergonomic}
     bool SegmentedCodeCache                       = true                                      {product} {ergonomic}
   size_t SoftMaxHeapSize                          = 1044381696                             {manageable} {ergonomic}
     bool UseCompressedClassPointers               = true                           {product lp64_product} {ergonomic}
     bool UseCompressedOops                        = true                           {product lp64_product} {ergonomic}
     bool UseG1GC                                  = true                                      {product} {ergonomic}
     bool UseLargePagesIndividualAllocation        = false                                  {pd product} {ergonomic}

Logging:
Log output configuration:
 #0: stdout all=warning uptime,level,tags
 #1: stderr all=off uptime,level,tags

Environment Variables:
JAVA_HOME=C:\Program Files\Java\jdk-17
PATH=C:\Program Files\Common Files\Oracle\Java\javapath;C:\Program Files (x86)\Common Files\Oracle\Java\javapath;D:\app\oracle\product\11.2.0\server\bin;C:\Windows\system32;C:\Windows;C:\Windows\System32\Wbem;C:\Windows\System32\WindowsPowerShell\v1.0\;C:\Windows\System32\OpenSSH\;C:\Program Files (x86)\NVIDIA Corporation\PhysX\Common;C:\Program Files\NVIDIA Corporation\NVIDIA NvDLISR;E:\;C:\Program Files (x86)\dotnet\;D:\Git\cmd;C:\Program Files (x86)\GtkSharp\2.12\bin;D:\ComposerSetup;C:\Windows\chromedriver;D:\Scripts\;D:\;C:\Users\shafa azahri\AppData\Local\Microsoft\WindowsApps;C:\Users\shafa azahri\AppData\Roaming\npm;C:\Program Files (x86)\heroku\bin;D:\xampp\php;D:\Microsoft VS Code\bin;C:\Users\shafa azahri\AppData\Roaming\Composer\vendor\bin;C:\Users\shafa azahri\AppData\Local\GitHubDesktop\bin
USERNAME=shafa azahri
OS=Windows_NT
PROCESSOR_IDENTIFIER=Intel64 Family 6 Model 142 Stepping 9, GenuineIntel



---------------  S Y S T E M  ---------------

OS:
 Windows 10 , 64 bit Build 19041 (10.0.19041.1503)
OS uptime: 2 days 7:32 hours
Hyper-V role detected

CPU: total 4 (initial active 4) (2 cores per cpu, 2 threads per core) family 6 model 142 stepping 9 microcode 0xb4, cx8, cmov, fxsr, ht, mmx, 3dnowpref, sse, sse2, sse3, ssse3, sse4.1, sse4.2, popcnt, lzcnt, tsc, tscinvbit, avx, avx2, aes, erms, clmul, bmi1, bmi2, adx, fma, vzeroupper, clflush, clflushopt, hv

Memory: 4k page, system-wide physical 3977M (282M free)
TotalPageFile size 14636M (AvailPageFile size 4M)
current process WorkingSet (physical memory assigned to process): 254M, peak: 254M
current process commit charge ("private bytes"): 294M, peak: 294M

vm_info: Java HotSpot(TM) 64-Bit Server VM (17+35-LTS-2724) for windows-amd64 JRE (17+35-LTS-2724), built on Aug  5 2021 23:28:28 by "mach5one" with MS VC++ 16.8 (VS2019)

END.
